Spice simulation commands:

.control
tran 5n 100u
print v(out)
print i(vc)
print i(Vpwl1)
print i(Vpwl2)
.endc
Vpwl1 in1 0 0 PWL(0 0 20u 0 20.05u 5 40u 5 40.05u 0 50u 0 50.05u 5 60u 5 60.05u 0 70u 0 70.05u 5)
Vpwl2 in2 0 0 PWL(0 0 10u 0 10.05u 5 20u 5 20.05u 0 30u 0 30.05u 5 40u 5 40.05u 0 60u 0 60.05u 5)

Vc na 0 5
Rc na vc 10
cv na nb 10n
rcv nb vc 100m
rload out 0 10k
cload out 0 100p

.model 2N3906  PNP(Is=455.9E-18 Xti=3 Eg=1.11 Vaf=33.6 Bf=204 Ise=7.558f
+               Ne=1.536 Ikf=.3287 Nk=.9957 Xtb=1.5 Var=100 Br=3.72
+               Isc=529.3E-18 Nc=15.51 Ikr=11.1 Rc=.8508 Cjc=10.13p Mjc=.6993
+               Vjc=1.006 Fc=.5 Cje=10.39p Mje=.6931 Vje=.9937 Tr=10n Tf=181.2p
+               Itf=4.881m Xtf=.7939 Vtf=10 Rb=10, level=1)
.model 2N3904   NPN(Is=6.734f Xti=3 Eg=1.11 Vaf=74.03 Bf=416.7 Ne=1.259
+               Ise=6.734f Ikf=66.78m Xtb=1.5 Br=.7371 Nc=2 Isc=0 Ikr=0 Rc=1
+               Cjc=3.638p Mjc=.3085 Vjc=.75 Fc=.5 Cje=4.493p Mje=.2593 Vje=.75
+               Tr=239.5n Tf=301.2p Itf=.4 Vtf=4 Xtf=2 Rb=10, level=1)


.control
tran 10u 20u
print v(in1)
.endc
Vin in2 0 0 PWL(0 0 5u 0 15u 5 20u 5)
rin in1 0 100k

Vc na 0 5
Rc na vc 10
cv na nb 10n
rcv nb vc 100m
rload out 0 10k
cload out 0 100p

.model 2N3906  PNP(Is=455.9E-18 Xti=3 Eg=1.11 Vaf=33.6 Bf=204 Ise=7.558f
+               Ne=1.536 Ikf=.3287 Nk=.9957 Xtb=1.5 Var=100 Br=3.72
+               Isc=529.3E-18 Nc=15.51 Ikr=11.1 Rc=.8508 Cjc=10.13p Mjc=.6993
+               Vjc=1.006 Fc=.5 Cje=10.39p Mje=.6931 Vje=.9937 Tr=10n Tf=181.2p
+               Itf=4.881m Xtf=.7939 Vtf=10 Rb=10, level=1)
.model 2N3904   NPN(Is=6.734f Xti=3 Eg=1.11 Vaf=74.03 Bf=416.7 Ne=1.259
+               Ise=6.734f Ikf=66.78m Xtb=1.5 Br=.7371 Nc=2 Isc=0 Ikr=0 Rc=1
+               Cjc=3.638p Mjc=.3085 Vjc=.75 Fc=.5 Cje=4.493p Mje=.2593 Vje=.75
+               Tr=239.5n Tf=301.2p Itf=.4 Vtf=4 Xtf=2 Rb=10, level=1)


.control
tran 10u 20u
print v(in2)
.endc
Vin in1 0 0 PWL(0 0 5u 0 15u 5 20u 5)
rin in2 0 100k

Vc na 0 5
Rc na vc 10
cv na nb 10n
rcv nb vc 100m
rload out 0 10k
cload out 0 100p

.model 2N3906  PNP(Is=455.9E-18 Xti=3 Eg=1.11 Vaf=33.6 Bf=204 Ise=7.558f
+               Ne=1.536 Ikf=.3287 Nk=.9957 Xtb=1.5 Var=100 Br=3.72
+               Isc=529.3E-18 Nc=15.51 Ikr=11.1 Rc=.8508 Cjc=10.13p Mjc=.6993
+               Vjc=1.006 Fc=.5 Cje=10.39p Mje=.6931 Vje=.9937 Tr=10n Tf=181.2p
+               Itf=4.881m Xtf=.7939 Vtf=10 Rb=10, level=1)
.model 2N3904   NPN(Is=6.734f Xti=3 Eg=1.11 Vaf=74.03 Bf=416.7 Ne=1.259
+               Ise=6.734f Ikf=66.78m Xtb=1.5 Br=.7371 Nc=2 Isc=0 Ikr=0 Rc=1
+               Cjc=3.638p Mjc=.3085 Vjc=.75 Fc=.5 Cje=4.493p Mje=.2593 Vje=.75
+               Tr=239.5n Tf=301.2p Itf=.4 Vtf=4 Xtf=2 Rb=10, level=1)



2017-06-05 02:11:51 - Generation - 1 - 23112.6805423:
R1 14 in1 440473.553458
Q2 11 9 in2 2N3906
Q3 11 12 13 2N3904
R4 12 vc 1102.04742183
Q5 16 14 10 2N3904
Q6 13 17 11 2N3904
R7 out 13 3228.37072592


2017-06-05 02:13:19 - Generation - 2 - 27057.5683229:
R1 14 in1 440473.553458
Q2 11 9 in2 2N3906
Q3 11 12 13 2N3904
R4 12 vc 1102.04742183
Q5 16 14 10 2N3904
Q6 13 17 11 2N3904
R7 out 13 3228.37072592


2017-06-05 02:14:45 - Generation - 3 - 28937.8121904:
R1 14 in1 440473.553458
Q2 11 9 in2 2N3906
Q3 11 12 13 2N3904
R4 12 vc 72678.0286926
R5 out 11 3228.37072592
Q6 13 17 11 2N3904
Q7 18 16 12 2N3904


2017-06-05 02:16:13 - Generation - 4 - 31084.8114914:
R1 14 in1 440473.553458
Q2 11 9 in2 2N3906
Q3 11 12 13 2N3904
R4 12 vc 72678.0286926
R5 12 11 4354.28443473
R6 out 12 3228.37072592
Q7 14 18 12 2N3904
Q8 19 17 13 2N3904


2017-06-05 02:33:14 - Generation - 5 - 32611.8927101:
R1 14 in1 589234.209658
Q2 11 9 in2 2N3906
Q3 11 12 13 2N3904
R4 12 vc 1
R5 12 11 25236.3242466
R6 out 12 41677.2437652
Q7 14 18 12 2N3904
Q8 19 17 13 2N3904


2017-06-05 02:34:42 - Generation - 6 - 34090.9601151:
Q1 14 13 in1 2N3906
R2 13 in2 28605.4216233
R3 8 13 87535.9962183
Q4 11 12 12 2N3904
R5 14 out 1
Q6 12 9 10 2N3906
Q7 16 15 15 2N3904
Q8 16 13 17 2N3904


2017-06-05 02:36:12 - Generation - 7 - 35534.7767336:
Q1 14 13 in1 2N3906
R2 13 in2 28605.4216233
R3 8 13 87535.9962183
Q4 11 12 12 2N3904
R5 14 out 1
Q6 12 9 10 2N3906
Q7 16 15 15 2N3904
Q8 16 13 17 2N3904


2017-06-05 02:37:42 - Generation - 8 - 37000.5861435:
Q1 14 13 in1 2N3906
R2 13 in2 28605.4216233
R3 8 13 87535.9962183
Q4 11 12 12 2N3904
R5 14 out 1
Q6 12 9 10 2N3906
Q7 16 15 15 2N3904
Q8 16 13 17 2N3904


2017-06-05 02:39:14 - Generation - 9 - 38407.9898452:
Q1 14 13 in1 2N3906
R2 13 in2 28605.4216233
R3 8 13 87535.9962183
Q4 11 12 12 2N3904
R5 14 out 1
R6 11 14 126424.078366
Q7 13 12 12 2N3906
Q8 16 15 15 2N3904
Q9 16 13 17 2N3904


2017-06-05 02:57:04 - Generation - 10 - 39816.8102554:
Q1 14 13 in1 2N3906
R2 13 in2 431.924012865
R3 8 13 156771.267277
Q4 11 12 12 2N3904
R5 14 out 604.096508199
Q6 12 9 10 2N3904
Q7 16 15 15 2N3904
Q8 16 13 17 2N3904


2017-06-05 02:58:39 - Generation - 11 - 41280.3995085:
Q1 14 13 in1 2N3906
R2 13 in2 10256.828947
R3 8 13 220105.592542
Q4 11 12 12 2N3906
R5 14 out 124.999414959
R6 15 12 229300.015728
Q7 13 10 11 2N3906
Q8 17 16 16 2N3904
Q9 17 14 18 2N3906
R10 16 18 72791.3140533


2017-06-05 03:00:12 - Generation - 12 - 42280.8372575:
Q1 14 13 in1 2N3906
R2 13 in2 431.924012865
Q3 11 12 9 2N3904
R4 8 13 156771.267277
Q5 12 9 13 2N3906
R6 14 out 604.096508199
Q7 12 9 10 2N3904
Q8 16 15 15 2N3904
R9 15 21 135387.172701
Q10 16 17 17 2N3904


2017-06-05 03:01:48 - Generation - 13 - 43743.3104877:
Q1 14 13 in1 2N3906
R2 13 in2 431.924012865
Q3 11 12 9 2N3904
R4 8 13 156771.267277
Q5 11 12 12 2N3904
R6 14 out 604.096508199
Q7 12 9 10 2N3904
Q8 16 15 15 2N3904
R9 15 21 135387.172701
Q10 17 14 18 2N3906


2017-06-05 03:03:24 - Generation - 14 - 45202.7369939:
Q1 14 13 in1 2N3906
R2 13 in2 477.483459328
R3 8 13 156771.267277
Q4 10 7 8 2N3904
R5 14 out 604.096508199
Q6 13 14 14 2N3904
Q7 16 15 15 2N3904


2017-06-05 03:04:58 - Generation - 15 - 46586.0228963:
Q1 14 13 in1 2N3906
Q2 10 10 12 2N3906
R3 13 in2 19174.4698468
R4 8 13 25548.4261925
Q5 13 12 12 2N3904
R6 14 out 567.074102373
Q7 12 9 10 2N3906
Q8 13 13 12 2N3904
Q9 15 16 16 2N3904
Q10 15 16 17 2N3904


2017-06-05 03:06:33 - Generation - 16 - 48048.9028166:
Q1 14 13 in1 2N3906
Q2 10 10 12 2N3906
R3 13 in2 19174.4698468
R4 8 13 25548.4261925
Q5 13 12 12 2N3904
R6 14 out 567.074102373
Q7 12 9 10 2N3906
Q8 13 13 12 2N3904
Q9 15 16 16 2N3904
Q10 15 16 17 2N3904


2017-06-05 03:08:10 - Generation - 17 - 49472.9524014:
Q1 14 13 in1 2N3906
R2 13 in2 431.924012865
Q3 11 12 9 2N3904
R4 8 14 156771.267277
Q5 11 12 13 2N3904
R6 14 out 912.42166517
Q7 12 9 10 2N3904
R8 14 20 135387.172701
R9 11 15 1.81044426491
Q10 15 12 16 2N3906


2017-06-05 03:09:47 - Generation - 18 - 50735.3264761:
Q1 14 13 in1 2N3906
R2 13 in2 431.924012865
R3 8 13 156771.267277
Q4 12 9 13 2N3906
R5 14 out 604.096508199
Q6 11 8 9 2N3904
Q7 15 14 14 2N3904
R8 vc 14 135387.172701
Q9 15 16 16 2N3904


2017-06-05 03:11:24 - Generation - 19 - 55137.5421897:
Q1 14 13 in1 2N3906
R2 13 in2 431.924012865
R3 8 13 156771.267277
Q4 12 9 13 2N3906
R5 14 out 604.096508199
Q6 11 8 9 2N3904
Q7 12 12 13 2N3904
R8 vc 14 135387.172701
Q9 15 16 16 2N3904


2017-06-05 03:27:58 - Generation - 20 - 52712.0073697:
R1 14 in1 648459.933136
R2 9 13 60590.8823986
Q3 10 11 12 2N3904
R4 11 10 1
R5 out 10 728.091166784
Q6 15 13 13 2N3906
Q7 12 16 10 2N3904
Q8 15 10 15 2N3904
Q9 11 14 vc 2N3906
Q10 18 16 12 2N3904


2017-06-05 03:29:36 - Generation - 21 - 52712.0073697:
R1 14 in1 648459.933136
R2 9 13 60590.8823986
Q3 10 11 12 2N3904
R4 11 10 1
R5 out 10 728.091166784
Q6 15 13 13 2N3906
Q7 12 16 10 2N3904
Q8 15 10 15 2N3904
Q9 11 14 vc 2N3906
Q10 18 16 12 2N3904


2017-06-05 03:31:13 - Generation - 22 - 52711.9989398:
R1 14 in1 648459.933136
R2 9 13 12460.202477
Q3 10 11 12 2N3904
R4 11 10 1
R5 out 10 728.091166784
Q6 15 13 13 2N3906
Q7 14 9 14 2N3904
Q8 12 16 10 2N3904
Q9 11 14 vc 2N3906
Q10 18 16 12 2N3904


2017-06-05 03:32:51 - Generation - 23 - 52711.9989398:
R1 14 in1 648459.933136
R2 9 13 12460.202477
Q3 10 11 12 2N3904
R4 11 10 1
R5 out 10 728.091166784
Q6 15 13 13 2N3906
Q7 14 9 14 2N3904
Q8 12 16 10 2N3904
Q9 11 14 vc 2N3906
Q10 18 16 12 2N3904


2017-06-05 03:34:27 - Generation - 24 - 34928.3993606:
Q1 14 13 in1 2N3906
Q2 10 10 12 2N3906
R3 13 in2 19174.4698468
R4 10 9 1
R5 out 9 728.091166784
Q6 14 12 12 2N3906
Q7 13 8 13 2N3904
Q8 11 15 9 2N3904
Q9 10 13 vc 2N3906
Q10 17 15 11 2N3904


2017-06-05 03:36:04 - Generation - 25 - 34815.5648374:
R1 13 in2 4910.99308438
Q2 9 10 11 2N3904
R3 10 9 1
R4 out 9 728.091166784
Q5 14 12 12 2N3906
Q6 11 15 9 2N3904
Q7 14 9 14 2N3904
Q8 10 13 vc 2N3906
Q9 17 15 11 2N3904


2017-06-05 03:37:42 - Generation - 26 - 34611.5080924:
R1 13 in2 22914.6399931
Q2 12 7 12 2N3904
Q3 9 10 11 2N3904
R4 10 9 1
R5 out 9 728.091166784
Q6 14 12 12 2N3906
Q7 11 15 9 2N3904
Q8 14 9 14 2N3904
Q9 10 13 vc 2N3906
Q10 17 15 11 2N3904


2017-06-05 03:39:22 - Generation - 27 - 34611.5051844:
R1 13 in2 22914.6399931
Q2 12 7 12 2N3904
Q3 9 10 11 2N3904
R4 10 9 1
R5 out 9 728.091166784
Q6 14 12 12 2N3906
Q7 14 10 10 2N3904
Q8 14 9 14 2N3904
Q9 10 13 vc 2N3906
Q10 17 15 11 2N3904


2017-06-05 03:41:01 - Generation - 28 - 34568.511083:
Q1 14 13 in1 2N3906
Q2 10 10 12 2N3906
R3 14 in2 19174.4698468
R4 11 10 1
R5 out 10 728.091166784
Q6 15 13 13 2N3906
Q7 14 9 14 2N3904
Q8 12 16 10 2N3904
Q9 11 14 vc 2N3906
Q10 18 16 12 2N3904


2017-06-05 03:42:39 - Generation - 29 - 34568.511083:
Q1 14 13 in1 2N3906
Q2 10 10 12 2N3906
R3 14 in2 19174.4698468
R4 11 10 1
R5 out 10 728.091166784
Q6 15 13 13 2N3906
Q7 14 9 14 2N3904
Q8 12 16 10 2N3904
Q9 11 14 vc 2N3906
Q10 18 16 12 2N3904


2017-06-05 03:58:56 - Generation - 30 - 34568.5110789:
Q1 14 13 in1 2N3906
Q2 10 10 12 2N3906
R3 14 in2 19174.4698468
R4 11 10 1
R5 out 10 728.091166784
Q6 15 13 13 2N3906
Q7 14 9 14 2N3904
Q8 12 16 10 2N3904
Q9 11 14 vc 2N3906


2017-06-05 04:00:35 - Generation - 31 - 34551.550799:
Q1 14 13 in1 2N3906
Q2 10 10 12 2N3906
R3 14 in2 19174.4698468
R4 11 10 1
R5 out 10 728.091166784
Q6 15 13 13 2N3906
Q7 14 9 14 2N3904
Q8 12 16 10 2N3904
Q9 11 14 vc 2N3906
Q10 17 15 11 2N3904


2017-06-05 04:02:15 - Generation - 32 - 34525.3722379:
Q1 14 13 in1 2N3906
Q2 10 10 12 2N3906
R3 14 in2 19174.4698468
R4 11 10 1
Q5 15 14 9 2N3906
R6 out 10 728.091166784
Q7 15 13 13 2N3906
Q8 12 16 10 2N3904
Q9 11 14 vc 2N3906
Q10 18 16 12 2N3904


2017-06-05 04:03:55 - Generation - 33 - 34525.3722379:
Q1 14 13 in1 2N3906
Q2 10 10 12 2N3906
R3 14 in2 19174.4698468
R4 11 10 1
Q5 15 14 9 2N3906
R6 out 10 728.091166784
Q7 15 13 13 2N3906
Q8 12 16 10 2N3904
Q9 11 14 vc 2N3906
Q10 18 16 12 2N3904


2017-06-05 04:05:36 - Generation - 34 - 34525.3722379:
Q1 14 13 in1 2N3906
Q2 10 10 12 2N3906
R3 14 in2 19174.4698468
R4 11 10 1
Q5 15 14 9 2N3906
R6 out 10 728.091166784
Q7 15 13 13 2N3906
Q8 12 16 10 2N3904
Q9 11 14 vc 2N3906
Q10 18 16 12 2N3904


2017-06-05 04:07:18 - Generation - 35 - 34525.3722379:
Q1 14 13 in1 2N3906
Q2 10 10 12 2N3906
R3 14 in2 19174.4698468
R4 11 10 1
Q5 15 14 9 2N3906
R6 out 10 728.091166784
Q7 15 13 13 2N3906
Q8 12 16 10 2N3904
Q9 11 14 vc 2N3906
Q10 18 16 12 2N3904


2017-06-05 04:08:59 - Generation - 36 - 34525.3718766:
Q1 14 13 in1 2N3906
Q2 10 10 12 2N3906
R3 14 in2 19174.4698468
R4 11 10 1
Q5 15 14 9 2N3906
R6 out 10 728.091166784
Q7 15 13 13 2N3906
Q8 12 12 12 2N3904
Q9 11 14 vc 2N3906
Q10 18 16 12 2N3904


2017-06-05 04:10:41 - Generation - 37 - 34525.3718766:
Q1 14 13 in1 2N3906
Q2 10 10 12 2N3906
R3 14 in2 19174.4698468
R4 11 10 1
Q5 15 14 9 2N3906
R6 out 10 728.091166784
Q7 15 13 13 2N3906
Q8 12 12 12 2N3904
Q9 11 14 vc 2N3906
Q10 18 16 12 2N3904


2017-06-05 04:12:20 - Generation - 38 - 34525.3457619:
Q1 14 13 in1 2N3906
Q2 10 10 12 2N3906
R3 14 in2 19174.4698468
R4 11 10 1
Q5 15 14 9 2N3906
Q6 11 11 11 2N3904
Q7 15 13 13 2N3906
R8 out 11 728.091166784
Q9 11 14 vc 2N3906
Q10 18 16 12 2N3904


2017-06-05 04:14:02 - Generation - 39 - 34477.4470288:
Q1 14 13 in1 2N3906
Q2 10 11 11 2N3906
R3 14 in2 19174.4698468
R4 11 10 1
R5 out 10 728.091166784
R6 15 13 525568.602374
Q7 16 14 14 2N3906
Q8 15 10 15 2N3904
Q9 11 14 vc 2N3906
Q10 in1 16 12 2N3906


2017-06-05 04:31:44 - Generation - 40 - 34339.2424147:
Q1 14 13 in1 2N3906
Q2 10 10 12 2N3906
R3 14 in2 34188.6653881
Q4 vc 9 15 2N3904
R5 out 11 390.667743899
Q6 17 16 11 2N3906
Q7 16 14 14 2N3906
Q8 11 14 vc 2N3906
R9 13 12 202038.281694
R10 14 13 104939.330064


2017-06-05 04:33:25 - Generation - 41 - 34339.2424147:
Q1 14 13 in1 2N3906
Q2 10 10 12 2N3906
R3 14 in2 34188.6653881
Q4 vc 9 15 2N3904
R5 out 11 390.667743899
Q6 17 16 11 2N3906
Q7 16 14 14 2N3906
Q8 11 14 vc 2N3906
R9 13 12 202038.281694
R10 14 13 104939.330064


2017-06-05 04:35:06 - Generation - 42 - 34316.9625116:
Q1 10 11 11 2N3906
R2 14 in2 19174.4698468
Q3 14 10 7 2N3904
Q4 15 14 in1 2N3906
R5 11 10 1
R6 out 10 728.091166784
Q7 14 9 14 2N3904
Q8 12 16 10 2N3904
Q9 11 14 vc 2N3906


2017-06-05 04:36:48 - Generation - 43 - 2032.98790519:
Q1 14 13 in1 2N3904
Q2 10 11 11 2N3906
R3 14 in2 19174.4698468
R4 11 10 1
R5 out 10 728.091166784
R6 15 13 525568.602374
Q7 16 14 14 2N3906
Q8 15 10 15 2N3904
Q9 11 14 vc 2N3906
Q10 in1 16 12 2N3906


2017-06-05 04:38:28 - Generation - 44 - 2032.98790519:
Q1 14 13 in1 2N3904
Q2 10 11 11 2N3906
R3 14 in2 19174.4698468
R4 11 10 1
R5 out 10 728.091166784
R6 15 13 525568.602374
Q7 16 14 14 2N3906
Q8 15 10 15 2N3904
Q9 11 14 vc 2N3906
Q10 in1 16 12 2N3906


2017-06-05 04:40:09 - Generation - 45 - 2032.98790519:
Q1 14 13 in1 2N3904
Q2 10 11 11 2N3906
R3 14 in2 19174.4698468
R4 11 10 1
R5 out 10 728.091166784
R6 15 13 525568.602374
Q7 16 14 14 2N3906
Q8 15 10 15 2N3904
Q9 11 14 vc 2N3906
Q10 in1 16 12 2N3906


2017-06-05 04:41:49 - Generation - 46 - 1935.14073417:
Q1 14 13 in1 2N3904
Q2 10 11 11 2N3906
R3 14 in2 19174.4698468
R4 11 10 442.25237719
R5 out 10 728.091166784
R6 15 13 525568.602374
Q7 16 14 14 2N3906
Q8 15 10 15 2N3904
Q9 11 14 vc 2N3906
Q10 in1 16 12 2N3906


2017-06-05 04:43:29 - Generation - 47 - 1930.00138837:
Q1 14 13 in1 2N3904
Q2 10 11 11 2N3906
R3 14 in2 19174.4698468
R4 11 10 442.25237719
R5 out 10 728.091166784
R6 15 13 525568.602374
Q7 16 14 14 2N3906
Q8 15 10 15 2N3904
Q9 11 14 vc 2N3906
Q10 in1 16 12 2N3906


2017-06-05 04:45:09 - Generation - 48 - 1930.00138837:
Q1 14 13 in1 2N3904
Q2 10 11 11 2N3906
R3 14 in2 19174.4698468
R4 11 10 442.25237719
R5 out 10 728.091166784
R6 15 13 525568.602374
Q7 16 14 14 2N3906
Q8 15 10 15 2N3904
Q9 11 14 vc 2N3906
Q10 in1 16 12 2N3906


2017-06-05 04:46:49 - Generation - 49 - 1930.00138837:
Q1 14 13 in1 2N3904
Q2 10 11 11 2N3906
R3 14 in2 19174.4698468
R4 11 10 442.25237719
R5 out 10 728.091166784
R6 15 13 525568.602374
Q7 16 14 14 2N3906
Q8 15 10 15 2N3904
Q9 11 14 vc 2N3906
Q10 in1 16 12 2N3906


2017-06-05 05:04:10 - Generation - 50 - 1916.7341387:
Q1 14 13 in1 2N3904
Q2 10 11 11 2N3906
R3 14 in2 19174.4698468
R4 11 10 512.966934007
R5 out 10 728.091166784
R6 15 13 525568.602374
Q7 16 14 14 2N3906
Q8 15 10 15 2N3904
Q9 11 14 vc 2N3906
Q10 in1 16 12 2N3906


2017-06-05 05:05:50 - Generation - 51 - 1916.7341387:
Q1 14 13 in1 2N3904
Q2 10 11 11 2N3906
R3 14 in2 19174.4698468
R4 11 10 512.966934007
R5 out 10 728.091166784
R6 15 13 525568.602374
Q7 16 14 14 2N3906
Q8 15 10 15 2N3904
Q9 11 14 vc 2N3906
Q10 in1 16 12 2N3906


2017-06-05 05:07:31 - Generation - 52 - 1916.7341387:
Q1 14 13 in1 2N3904
Q2 10 11 11 2N3906
R3 14 in2 19174.4698468
R4 11 10 512.966934007
R5 out 10 728.091166784
R6 15 13 525568.602374
Q7 16 14 14 2N3906
Q8 15 10 15 2N3904
Q9 11 14 vc 2N3906
Q10 in1 16 12 2N3906


2017-06-05 05:09:10 - Generation - 53 - 1916.7341387:
Q1 14 13 in1 2N3904
Q2 10 11 11 2N3906
R3 14 in2 19174.4698468
R4 11 10 512.966934007
R5 out 10 728.091166784
R6 15 13 525568.602374
Q7 16 14 14 2N3906
Q8 15 10 15 2N3904
Q9 11 14 vc 2N3906
Q10 in1 16 12 2N3906


2017-06-05 05:10:50 - Generation - 54 - 1916.49580152:
Q1 14 13 in1 2N3904
Q2 15 10 8 2N3906
R3 14 in2 19174.4698468
R4 11 10 512.966934007
R5 out 10 728.091166784
R6 15 13 525568.602374
Q7 16 14 14 2N3906
Q8 15 10 15 2N3904
Q9 11 14 vc 2N3906
Q10 in1 16 12 2N3906


2017-06-05 05:12:29 - Generation - 55 - 1916.49580152:
Q1 14 13 in1 2N3904
Q2 15 10 8 2N3906
R3 14 in2 19174.4698468
R4 11 10 512.966934007
R5 out 10 728.091166784
R6 15 13 525568.602374
Q7 16 14 14 2N3906
Q8 15 10 15 2N3904
Q9 11 14 vc 2N3906
Q10 in1 16 12 2N3906


2017-06-05 05:14:09 - Generation - 56 - 1916.49580152:
Q1 14 13 in1 2N3904
Q2 15 10 8 2N3906
R3 14 in2 19174.4698468
R4 11 10 512.966934007
R5 out 10 728.091166784
R6 15 13 525568.602374
Q7 16 14 14 2N3906
Q8 15 10 15 2N3904
Q9 11 14 vc 2N3906
Q10 in1 16 12 2N3906


2017-06-05 05:15:48 - Generation - 57 - 1916.16259025:
Q1 14 13 in1 2N3904
Q2 15 10 8 2N3906
R3 11 10 512.966934007
R4 14 in2 19174.4698468
R5 out 10 728.091166784
R6 15 13 525568.602374
Q7 16 14 14 2N3906
Q8 15 10 15 2N3904
Q9 11 14 vc 2N3906
Q10 in1 16 12 2N3906


2017-06-05 05:17:27 - Generation - 58 - 1914.06019215:
Q1 14 13 in1 2N3904
Q2 in1 12 8 2N3906
R3 14 in2 19174.4698468
R4 11 10 512.966934007
R5 out 10 728.091166784
R6 15 13 525568.602374
Q7 16 14 14 2N3906
Q8 15 10 15 2N3904
Q9 11 14 vc 2N3906
Q10 19 14 12 2N3906


2017-06-05 05:19:06 - Generation - 59 - 1914.06019215:
Q1 14 13 in1 2N3904
Q2 in1 12 8 2N3906
R3 14 in2 19174.4698468
R4 11 10 512.966934007
R5 out 10 728.091166784
R6 15 13 525568.602374
Q7 16 14 14 2N3906
Q8 15 10 15 2N3904
Q9 11 14 vc 2N3906
Q10 19 14 12 2N3906


2017-06-05 05:35:24 - Generation - 60 - 1906.93918373:
Q1 14 13 in1 2N3904
Q2 10 11 11 2N3904
R3 14 in2 19174.4698468
R4 11 10 512.966934007
R5 out 10 728.091166784
R6 15 13 525568.602374
Q7 16 14 14 2N3906
Q8 15 10 15 2N3904
Q9 11 14 vc 2N3906
Q10 in1 16 12 2N3906


2017-06-05 05:37:05 - Generation - 61 - 1877.65077621:
Q1 14 13 in1 2N3904
Q2 in1 12 8 2N3906
R3 14 in2 19174.4698468
R4 11 10 512.966934007
R5 out 10 728.091166784
R6 15 13 525568.602374
Q7 16 14 14 2N3906
Q8 15 10 15 2N3904
Q9 11 14 vc 2N3906
Q10 in1 16 12 2N3906


2017-06-05 05:38:46 - Generation - 62 - 1876.08906354:
Q1 14 13 in1 2N3904
Q2 in1 12 8 2N3906
R3 14 in2 19174.4698468
R4 11 10 512.966934007
R5 out 10 728.091166784
R6 15 13 525568.602374
Q7 16 14 14 2N3906
Q8 15 10 15 2N3904
Q9 11 14 vc 2N3906
Q10 in1 16 12 2N3906


2017-06-05 05:40:26 - Generation - 63 - 1482.00836065:
Q1 12 7 12 2N3904
R2 14 in2 19174.4698468
R3 11 10 2.06080806182
R4 out 11 728.091166784
Q5 16 14 14 2N3906
R6 12 14 63675.2804599
Q7 17 16 in1 2N3904
R8 14 13 16.0828372924
Q9 11 14 vc 2N3906
Q10 in1 16 12 2N3906


2017-06-05 05:42:05 - Generation - 64 - 1482.00836065:
Q1 12 7 12 2N3904
R2 14 in2 19174.4698468
R3 11 10 2.06080806182
R4 out 11 728.091166784
Q5 16 14 14 2N3906
R6 12 14 63675.2804599
Q7 17 16 in1 2N3904
R8 14 13 16.0828372924
Q9 11 14 vc 2N3906
Q10 in1 16 12 2N3906


2017-06-05 05:43:46 - Generation - 65 - 1478.83369559:
Q1 12 7 12 2N3904
R2 14 in2 19174.4698468
R3 11 10 2.06080806182
R4 out 11 728.091166784
Q5 16 14 14 2N3906
R6 12 14 63675.2804599
Q7 17 16 in1 2N3904
R8 14 13 16.0828372924
Q9 11 14 vc 2N3906
Q10 in1 16 12 2N3906


2017-06-05 05:45:25 - Generation - 66 - 1478.83369559:
Q1 12 7 12 2N3904
R2 14 in2 19174.4698468
R3 11 10 2.06080806182
R4 out 11 728.091166784
Q5 16 14 14 2N3906
R6 12 14 63675.2804599
Q7 17 16 in1 2N3904
R8 14 13 16.0828372924
Q9 11 14 vc 2N3906
Q10 in1 16 12 2N3906


2017-06-05 05:47:06 - Generation - 67 - 1478.83369559:
Q1 12 7 12 2N3904
R2 14 in2 19174.4698468
R3 11 10 2.06080806182
R4 out 11 728.091166784
Q5 16 14 14 2N3906
R6 12 14 63675.2804599
Q7 17 16 in1 2N3904
R8 14 13 16.0828372924
Q9 11 14 vc 2N3906
Q10 in1 16 12 2N3906


2017-06-05 05:48:45 - Generation - 68 - 1478.83369559:
Q1 12 7 12 2N3904
R2 14 in2 19174.4698468
R3 11 10 2.06080806182
R4 out 11 728.091166784
Q5 16 14 14 2N3906
R6 12 14 63675.2804599
Q7 17 16 in1 2N3904
R8 14 13 16.0828372924
Q9 11 14 vc 2N3906
Q10 in1 16 12 2N3906


2017-06-05 05:50:23 - Generation - 69 - 1478.78843537:
Q1 12 7 12 2N3904
R2 14 in2 19174.4698468
R3 11 10 2.06080806182
R4 out 11 728.091166784
Q5 16 14 14 2N3906
R6 12 14 63675.2804599
Q7 17 16 in1 2N3904
R8 14 13 16.0828372924
Q9 11 14 vc 2N3906
Q10 in1 16 12 2N3906


2017-06-05 06:07:12 - Generation - 70 - 1434.6557911:
Q1 12 7 12 2N3904
R2 14 in2 21885.6214632
R3 11 10 114020.549446
R4 out 11 203.852962281
Q5 16 14 14 2N3906
R6 12 14 84338.3660351
Q7 17 16 in1 2N3904
R8 14 13 333234.489514
Q9 11 14 vc 2N3906
Q10 in1 16 12 2N3906


2017-06-05 06:08:50 - Generation - 71 - 1434.6557911:
Q1 12 7 12 2N3904
R2 14 in2 21885.6214632
R3 11 10 114020.549446
R4 out 11 203.852962281
Q5 16 14 14 2N3906
R6 12 14 84338.3660351
Q7 17 16 in1 2N3904
R8 14 13 333234.489514
Q9 11 14 vc 2N3906
Q10 in1 16 12 2N3906


2017-06-05 06:10:30 - Generation - 72 - 1434.65573263:
Q1 10 10 10 2N3904
R2 14 in2 21885.6214632
R3 11 10 114020.549446
R4 out 11 203.852962281
Q5 16 14 14 2N3906
R6 12 14 84338.3660351
Q7 17 16 in1 2N3904
R8 14 13 333234.489514
Q9 11 14 vc 2N3906
Q10 in1 16 12 2N3906


2017-06-05 06:12:10 - Generation - 73 - 1434.65573263:
Q1 10 10 10 2N3904
R2 14 in2 21885.6214632
R3 11 10 114020.549446
R4 out 11 203.852962281
Q5 16 14 14 2N3906
R6 12 14 84338.3660351
Q7 17 16 in1 2N3904
R8 14 13 333234.489514
Q9 11 14 vc 2N3906
Q10 in1 16 12 2N3906


2017-06-05 06:13:47 - Generation - 74 - 1434.65573263:
Q1 10 10 10 2N3904
R2 14 in2 21885.6214632
R3 11 10 114020.549446
R4 out 11 203.852962281
Q5 16 14 14 2N3906
R6 12 14 84338.3660351
Q7 17 16 in1 2N3904
R8 14 13 333234.489514
Q9 11 14 vc 2N3906
Q10 in1 16 12 2N3906


2017-06-05 06:15:26 - Generation - 75 - 1434.33522282:
R1 13 in2 21885.6214632
R2 10 9 114020.549446
R3 out 10 203.852962281
Q4 16 15 in1 2N3904
Q5 15 13 13 2N3906
R6 11 13 84338.3660351
Q7 14 13 14 2N3906
R8 13 12 333234.489514
Q9 10 13 vc 2N3906
Q10 in1 15 11 2N3906


2017-06-05 06:17:03 - Generation - 76 - 1434.33512399:
R1 13 in2 21885.6214632
R2 10 9 114020.549446
R3 out 10 203.852962281
Q4 16 15 in1 2N3904
Q5 15 13 13 2N3906
R6 11 13 84338.3660351
R7 13 12 333234.489514
Q8 10 13 vc 2N3906
Q9 in1 15 11 2N3906


2017-06-05 06:18:43 - Generation - 77 - 1434.33512399:
R1 13 in2 21885.6214632
R2 10 9 114020.549446
R3 out 10 203.852962281
Q4 16 15 in1 2N3904
R5 11 13 84338.3660351
Q6 15 13 13 2N3906
R7 13 12 1.5057240784
Q8 10 13 vc 2N3906
Q9 in1 15 11 2N3906


2017-06-05 06:20:21 - Generation - 78 - 1407.6586599:
R1 13 in2 21885.6214632
R2 10 9 114020.549446
R3 out 10 203.852962281
Q4 16 15 in1 2N3904
R5 11 13 84338.3660351
Q6 11 12 11 2N3906
R7 13 12 1.5057240784
Q8 10 13 vc 2N3906
Q9 in1 15 11 2N3906


2017-06-05 06:21:59 - Generation - 79 - 1407.6586599:
R1 13 in2 21885.6214632
R2 10 9 114020.549446
R3 out 10 203.852962281
Q4 16 15 in1 2N3904
R5 11 13 84338.3660351
Q6 11 12 11 2N3906
R7 13 12 1.5057240784
Q8 10 13 vc 2N3906
Q9 in1 15 11 2N3906


2017-06-05 06:36:55 - Generation - 80 - 1407.6586599:
R1 13 in2 21885.6214632
R2 10 9 114020.549446
R3 out 10 203.852962281
Q4 16 15 in1 2N3904
R5 11 13 84338.3660351
Q6 11 12 11 2N3906
R7 13 12 1.5057240784
Q8 10 13 vc 2N3906
Q9 in1 15 11 2N3906


2017-06-05 06:38:33 - Generation - 81 - 1405.07268677:
R1 13 in2 21885.6214632
R2 10 9 114020.549446
R3 out 10 203.852962281
Q4 16 15 in1 2N3904
R5 11 13 84338.3660351
Q6 11 12 11 2N3906
R7 13 12 1.5057240784
Q8 11 14 13 2N3904
Q9 10 13 vc 2N3906
Q10 in1 15 11 2N3906


2017-06-05 06:40:09 - Generation - 82 - 1405.07268677:
R1 13 in2 21885.6214632
R2 10 9 114020.549446
R3 out 10 203.852962281
Q4 16 15 in1 2N3904
R5 11 13 84338.3660351
Q6 11 12 11 2N3906
R7 13 12 1.5057240784
Q8 11 14 13 2N3904
Q9 10 13 vc 2N3906
Q10 in1 15 11 2N3906


2017-06-05 06:41:48 - Generation - 83 - 1405.07268677:
R1 13 in2 21885.6214632
R2 10 9 114020.549446
R3 out 10 203.852962281
Q4 16 15 in1 2N3904
R5 11 13 84338.3660351
Q6 11 12 11 2N3906
R7 13 12 1.5057240784
Q8 11 14 13 2N3904
Q9 10 13 vc 2N3906
Q10 in1 15 11 2N3906


2017-06-05 06:43:25 - Generation - 84 - 1404.51213162:
R1 13 in2 21885.6214632
R2 10 9 114020.549446
R3 out 10 751.02812315
Q4 16 15 in1 2N3904
Q5 15 13 13 2N3906
R6 11 13 84338.3660351
R7 13 12 333234.489514
Q8 10 13 vc 2N3906
Q9 in1 15 11 2N3906
Q10 15 16 19 2N3904


2017-06-05 06:45:01 - Generation - 85 - 1404.51213162:
R1 13 in2 21885.6214632
R2 10 9 7265.03623888
R3 out 10 751.02812315
Q4 16 15 in1 2N3904
Q5 15 13 13 2N3906
R6 11 13 84338.3660351
R7 13 12 333234.489514
Q8 10 13 vc 2N3906
Q9 in1 15 11 2N3906
Q10 15 16 19 2N3904


2017-06-05 06:46:37 - Generation - 86 - 1389.37336686:
R1 13 in2 21885.6214632
R2 10 9 114020.549446
R3 out 10 203.852962281
R4 12 14 218117.089635
R5 11 13 84338.3660351
Q6 11 12 11 2N3906
R7 13 12 1.5057240784
Q8 10 13 vc 2N3906
Q9 17 16 in1 2N3904
Q10 11 16 17 2N3906


2017-06-05 06:48:13 - Generation - 87 - 1389.37336686:
R1 13 in2 21885.6214632
R2 10 9 114020.549446
R3 out 10 203.852962281
R4 12 14 218117.089635
R5 11 13 84338.3660351
Q6 11 12 11 2N3906
R7 13 12 1.5057240784
Q8 10 13 vc 2N3906
Q9 17 16 in1 2N3904
Q10 11 16 17 2N3906


2017-06-05 06:49:48 - Generation - 88 - 1389.37336686:
R1 13 in2 21885.6214632
R2 10 9 114020.549446
R3 out 10 203.852962281
R4 12 14 218117.089635
R5 11 13 84338.3660351
Q6 11 12 11 2N3906
R7 13 12 1.5057240784
Q8 10 13 vc 2N3906
Q9 17 16 in1 2N3904
Q10 11 16 17 2N3906


2017-06-05 06:51:24 - Generation - 89 - 1389.37336686:
R1 13 in2 21885.6214632
R2 10 9 114020.549446
R3 out 10 203.852962281
R4 12 14 218117.089635
R5 11 13 84338.3660351
Q6 11 12 11 2N3906
R7 13 12 1.5057240784
Q8 10 13 vc 2N3906
Q9 17 16 in1 2N3904
Q10 11 16 17 2N3906


2017-06-05 07:04:48 - Generation - 90 - 1389.37336686:
R1 13 in2 21885.6214632
R2 10 9 114020.549446
R3 out 10 203.852962281
R4 12 14 218117.089635
R5 11 13 84338.3660351
Q6 11 12 11 2N3906
R7 13 12 1.5057240784
Q8 10 13 vc 2N3906
Q9 17 16 in1 2N3904
Q10 11 16 17 2N3906


2017-06-05 07:06:25 - Generation - 91 - 1389.37336686:
R1 13 in2 21885.6214632
R2 10 9 114020.549446
R3 out 10 203.852962281
R4 12 14 218117.089635
R5 11 13 84338.3660351
Q6 11 12 11 2N3906
R7 13 12 1.5057240784
Q8 10 13 vc 2N3906
Q9 17 16 in1 2N3904
Q10 11 16 17 2N3906


2017-06-05 07:08:01 - Generation - 92 - 1361.95241448:
R1 13 in2 21885.6214632
R2 10 9 114020.549446
R3 out 10 751.02812315
R4 11 13 84338.3660351
Q5 15 13 13 2N3906
Q6 11 12 11 2N3906
R7 13 12 1.5057240784
Q8 10 13 vc 2N3906
Q9 17 16 in1 2N3904
Q10 11 16 17 2N3906


2017-06-05 07:09:38 - Generation - 93 - 1360.85759942:
R1 13 in2 21885.6214632
R2 10 9 114020.549446
R3 out 10 751.02812315
R4 11 13 84338.3660351
Q5 15 13 13 2N3906
Q6 11 12 11 2N3906
R7 13 12 1.5057240784
Q8 10 13 vc 2N3906
Q9 17 16 in1 2N3904
Q10 11 16 17 2N3906


2017-06-05 07:11:15 - Generation - 94 - 1360.85759942:
R1 13 in2 21885.6214632
R2 10 9 114020.549446
R3 out 10 751.02812315
R4 11 13 84338.3660351
Q5 15 13 13 2N3906
Q6 11 12 11 2N3906
R7 13 12 1.5057240784
Q8 10 13 vc 2N3906
Q9 17 16 in1 2N3904
Q10 11 16 17 2N3906


2017-06-05 07:12:53 - Generation - 95 - 1360.85759942:
R1 13 in2 21885.6214632
R2 10 9 114020.549446
R3 out 10 751.02812315
R4 11 13 84338.3660351
Q5 15 13 13 2N3906
Q6 11 12 11 2N3906
R7 13 12 1.5057240784
Q8 10 13 vc 2N3906
Q9 17 16 in1 2N3904
Q10 11 16 17 2N3906


2017-06-05 07:14:28 - Generation - 96 - 1360.85753887:
R1 13 in2 21885.6214632
R2 10 9 114020.549446
R3 out 10 751.02812315
R4 11 13 84338.3660351
Q5 11 12 11 2N3906
R6 13 12 1.5057240784
Q7 10 13 vc 2N3906
Q8 17 16 in1 2N3904
Q9 11 16 17 2N3906


2017-06-05 07:16:06 - Generation - 97 - 1360.85753887:
R1 13 in2 21885.6214632
R2 10 9 114020.549446
R3 out 10 751.02812315
R4 11 13 84338.3660351
Q5 11 12 11 2N3906
R6 13 12 1.5057240784
Q7 10 13 vc 2N3906
Q8 17 16 in1 2N3904
Q9 11 16 17 2N3906


2017-06-05 07:17:43 - Generation - 98 - 1360.84333682:
R1 13 in2 21885.6214632
R2 10 9 114020.549446
R3 out 10 751.02812315
R4 11 13 84338.3660351
Q5 15 13 13 2N3906
Q6 11 12 11 2N3906
R7 13 12 1.5057240784
Q8 10 13 vc 2N3906
Q9 17 16 in1 2N3904
Q10 11 16 17 2N3906


2017-06-05 07:19:22 - Generation - 99 - 1352.81064148:
R1 13 in2 21885.6214632
R2 10 9 114020.549446
R3 out 10 751.02812315
R4 11 13 84338.3660351
Q5 11 in2 14 2N3906
Q6 11 12 11 2N3906
R7 13 12 1.5057240784
Q8 10 13 vc 2N3906
Q9 17 16 in1 2N3904
Q10 11 16 17 2N3906


2017-06-05 07:36:38 - Generation - 100 - 1349.80793204:
R1 13 in2 21885.6214632
R2 10 9 114020.549446
R3 out 10 751.02812315
R4 11 13 84338.3660351
Q5 11 12 11 2N3906
Q6 11 12 11 2N3906
R7 13 12 1.5057240784
Q8 10 13 vc 2N3906
Q9 17 16 in1 2N3904
Q10 11 16 17 2N3906


2017-06-05 07:38:16 - Generation - 101 - 1349.80793204:
R1 13 in2 21885.6214632
R2 10 9 114020.549446
R3 out 10 751.02812315
R4 11 13 84338.3660351
Q5 11 12 11 2N3906
Q6 11 12 11 2N3906
R7 13 12 1.5057240784
Q8 10 13 vc 2N3906
Q9 17 16 in1 2N3904
Q10 11 16 17 2N3906


2017-06-05 07:39:55 - Generation - 102 - 1349.62899913:
R1 13 in2 21885.6214632
R2 10 9 114020.549446
R3 out 10 751.02812315
R4 11 13 84338.3660351
Q5 11 12 11 2N3906
Q6 11 12 11 2N3906
R7 13 12 1.5057240784
Q8 10 13 vc 2N3906
Q9 17 16 in1 2N3904
Q10 11 16 17 2N3906


2017-06-05 07:41:33 - Generation - 103 - 1349.62899913:
R1 13 in2 21885.6214632
R2 10 9 114020.549446
R3 out 10 751.02812315
R4 11 13 84338.3660351
Q5 11 12 11 2N3906
Q6 11 12 11 2N3906
R7 13 12 1.5057240784
Q8 10 13 vc 2N3906
Q9 17 16 in1 2N3904
Q10 11 16 17 2N3906


2017-06-05 07:43:11 - Generation - 104 - 1349.62899913:
R1 13 in2 21885.6214632
R2 10 9 114020.549446
R3 out 10 751.02812315
R4 11 13 84338.3660351
Q5 11 12 11 2N3906
Q6 11 12 11 2N3906
R7 13 12 1.5057240784
Q8 10 13 vc 2N3906
Q9 17 16 in1 2N3904
Q10 11 16 17 2N3906


2017-06-05 07:44:50 - Generation - 105 - 1349.62899913:
R1 13 in2 21885.6214632
R2 10 9 114020.549446
R3 out 10 751.02812315
R4 11 13 84338.3660351
Q5 11 12 11 2N3906
Q6 11 12 11 2N3906
R7 13 12 1.5057240784
Q8 10 13 vc 2N3906
Q9 17 16 in1 2N3904
Q10 11 16 17 2N3906


2017-06-05 07:46:30 - Generation - 106 - 1349.62899913:
R1 13 in2 21885.6214632
R2 13 8 581.898958745
R3 out 10 751.02812315
R4 11 13 84338.3660351
Q5 11 12 11 2N3906
Q6 11 12 11 2N3906
R7 13 12 1.5057240784
Q8 10 13 vc 2N3906
Q9 17 16 in1 2N3904
Q10 11 16 17 2N3906


2017-06-05 07:48:09 - Generation - 107 - 1349.62899913:
R1 13 in2 21885.6214632
R2 10 9 10643.0078872
R3 out 10 751.02812315
R4 11 13 84338.3660351
Q5 11 12 11 2N3906
Q6 11 12 11 2N3906
R7 13 12 1.5057240784
Q8 10 13 vc 2N3906
Q9 17 16 in1 2N3904
Q10 11 16 17 2N3906


2017-06-05 07:49:47 - Generation - 108 - 1349.62899913:
R1 13 in2 21885.6214632
R2 10 9 10643.0078872
R3 out 10 751.02812315
R4 13 12 1.5057240784
Q5 11 12 11 2N3906
Q6 11 12 11 2N3906
R7 11 13 84338.3660351
Q8 10 13 vc 2N3906
Q9 17 16 in1 2N3904
Q10 11 16 17 2N3906


2017-06-05 07:51:25 - Generation - 109 - 1349.62899913:
R1 13 in2 21885.6214632
R2 10 9 10643.0078872
R3 out 10 751.02812315
R4 13 12 1.5057240784
Q5 11 12 11 2N3906
Q6 11 12 11 2N3906
R7 11 13 84338.3660351
Q8 10 13 vc 2N3906
Q9 17 16 in1 2N3904
Q10 11 16 17 2N3906


2017-06-05 08:07:48 - Generation - 110 - 1349.62081693:
R1 13 in2 21885.6214632
R2 10 9 114020.549446
R3 out 10 751.02812315
R4 12 11 84338.3660351
Q5 11 12 11 2N3906
Q6 11 12 11 2N3906
R7 13 12 1.5057240784
Q8 10 13 vc 2N3906
Q9 17 16 in1 2N3904
Q10 11 16 17 2N3906


2017-06-05 08:09:27 - Generation - 111 - 1349.62081693:
R1 13 in2 21885.6214632
R2 10 9 114020.549446
R3 out 10 751.02812315
R4 12 11 84338.3660351
Q5 11 12 11 2N3906
Q6 11 12 11 2N3906
R7 13 12 1.5057240784
Q8 10 13 vc 2N3906
Q9 17 16 in1 2N3904
Q10 11 16 17 2N3906


2017-06-05 08:11:08 - Generation - 112 - 1349.62033809:
R1 13 in2 21885.6214632
R2 8 12 10643.0078872
R3 out 10 751.02812315
R4 12 11 84338.3660351
Q5 11 12 11 2N3906
Q6 11 12 11 2N3906
R7 13 12 1.5057240784
Q8 10 13 vc 2N3906
Q9 17 16 in1 2N3904
Q10 11 16 17 2N3906


2017-06-05 08:12:48 - Generation - 113 - 1159.73871842:
R1 13 in2 928.388620026
R2 11 10 807.731136793
R3 out 11 751.02812315
R4 12 14 46161.5414433
Q5 12 13 12 2N3906
Q6 11 14 vc 2N3906
Q7 0 14 13 2N3906
Q8 19 18 in1 2N3904
Q9 16 15 11 2N3906
Q10 13 18 19 2N3906


2017-06-05 08:14:28 - Generation - 114 - 1159.73871842:
R1 13 in2 928.388620026
R2 11 10 807.731136793
R3 out 11 751.02812315
R4 12 14 46161.5414433
Q5 12 13 12 2N3906
Q6 11 14 vc 2N3906
Q7 0 14 13 2N3906
Q8 19 18 in1 2N3904
Q9 16 15 11 2N3906
Q10 13 18 19 2N3906


2017-06-05 08:16:09 - Generation - 115 - 1159.64906539:
R1 13 in2 928.388620026
R2 11 10 807.731136793
R3 out 11 751.02812315
R4 12 14 46161.5414433
Q5 12 13 12 2N3906
Q6 11 14 vc 2N3906
Q7 0 14 13 2N3906
Q8 19 18 in1 2N3904
Q9 16 15 11 2N3906
Q10 13 18 19 2N3906


2017-06-05 08:17:50 - Generation - 116 - 1159.64906539:
R1 13 in2 928.388620026
R2 11 10 807.731136793
R3 out 11 751.02812315
R4 12 14 46161.5414433
Q5 12 13 12 2N3906
Q6 11 14 vc 2N3906
Q7 0 14 13 2N3906
Q8 19 18 in1 2N3904
Q9 16 15 11 2N3906
Q10 13 18 19 2N3906


2017-06-05 08:19:29 - Generation - 117 - 1127.84367685:
R1 13 in2 5917.41021396
R2 11 10 807.731136793
R3 out 11 751.02812315
R4 12 14 46161.5414433
Q5 12 13 12 2N3906
Q6 11 14 vc 2N3906
Q7 0 14 13 2N3906
Q8 19 18 in1 2N3904
Q9 16 15 11 2N3906
Q10 13 18 19 2N3906


2017-06-05 08:21:10 - Generation - 118 - 1123.55114171:
R1 13 in2 928.388620026
R2 11 10 807.731136793
R3 out 11 751.02812315
R4 12 14 46161.5414433
Q5 12 13 12 2N3906
Q6 11 14 vc 2N3906
Q7 18 14 17 2N3906
Q8 0 14 13 2N3906
Q9 19 18 in1 2N3904
Q10 13 18 19 2N3906


2017-06-05 08:22:49 - Generation - 119 - 1123.55114171:
R1 13 in2 928.388620026
R2 11 10 807.731136793
R3 out 11 751.02812315
R4 12 14 46161.5414433
Q5 12 13 12 2N3906
Q6 11 14 vc 2N3906
Q7 18 14 17 2N3906
Q8 0 14 13 2N3906
Q9 19 18 in1 2N3904
Q10 13 18 19 2N3906


2017-06-05 08:39:29 - Generation - 120 - 1001.68212541:
R1 13 in2 19792.8310007
R2 11 10 6084.83764069
R3 out 11 912.329298296
R4 12 14 97246.1108388
Q5 12 13 12 2N3906
Q6 11 14 vc 2N3906
Q7 0 14 13 2N3906
Q8 19 18 in1 2N3904
Q9 16 15 11 2N3906
Q10 13 18 19 2N3906


2017-06-05 08:41:08 - Generation - 121 - 1001.68212541:
R1 13 in2 19792.8310007
R2 11 10 6084.83764069
R3 out 11 912.329298296
R4 12 14 97246.1108388
Q5 12 13 12 2N3906
Q6 11 14 vc 2N3906
Q7 0 14 13 2N3906
Q8 19 18 in1 2N3904
Q9 16 15 11 2N3906
Q10 13 18 19 2N3906


2017-06-05 08:42:49 - Generation - 122 - 1001.68212541:
R1 13 in2 19792.8310007
R2 11 10 6084.83764069
R3 out 11 912.329298296
R4 12 14 97246.1108388
Q5 12 13 12 2N3906
Q6 11 14 vc 2N3906
Q7 0 14 13 2N3906
Q8 19 18 in1 2N3904
Q9 16 15 11 2N3906
Q10 13 18 19 2N3906


2017-06-05 08:44:31 - Generation - 123 - 1001.68212541:
R1 13 in2 19792.8310007
R2 11 10 6084.83764069
R3 out 11 912.329298296
R4 12 14 97246.1108388
Q5 12 13 12 2N3906
Q6 11 14 vc 2N3906
Q7 0 14 13 2N3906
Q8 19 18 in1 2N3904
Q9 16 15 11 2N3906
Q10 13 18 19 2N3906


2017-06-05 08:46:11 - Generation - 124 - 1001.68212541:
R1 13 in2 19792.8310007
R2 11 10 6084.83764069
R3 out 11 912.329298296
R4 12 14 97246.1108388
Q5 12 13 12 2N3906
Q6 11 14 vc 2N3906
Q7 0 14 13 2N3906
Q8 19 18 in1 2N3904
Q9 16 15 11 2N3906
Q10 13 18 19 2N3906


2017-06-05 08:47:52 - Generation - 125 - 1000.61403262:
R1 13 in2 19792.8310007
R2 11 10 6084.83764069
R3 out 11 912.329298296
R4 12 14 100078.561245
Q5 12 13 12 2N3906
Q6 11 14 vc 2N3906
Q7 0 14 13 2N3906
Q8 19 18 in1 2N3904
Q9 16 15 11 2N3906
Q10 13 18 19 2N3906


2017-06-05 08:49:34 - Generation - 126 - 999.740752029:
R1 13 in2 19792.8310007
R2 11 10 6084.83764069
R3 out 11 912.329298296
R4 12 14 97246.1108388
Q5 12 13 12 2N3906
Q6 11 14 vc 2N3906
Q7 0 14 13 2N3906
Q8 19 18 in1 2N3904
Q9 16 15 11 2N3906
Q10 13 18 19 2N3906


2017-06-05 08:51:15 - Generation - 127 - 999.740752029:
R1 13 in2 19792.8310007
R2 11 10 6084.83764069
R3 out 11 912.329298296
R4 12 14 97246.1108388
Q5 12 13 12 2N3906
Q6 11 14 vc 2N3906
Q7 0 14 13 2N3906
Q8 19 18 in1 2N3904
Q9 16 15 11 2N3906
Q10 13 18 19 2N3906


2017-06-05 08:52:57 - Generation - 128 - 955.458012249:
R1 13 in2 21885.6214632
R2 11 10 3.99532842508
R3 out 11 751.02812315
Q4 13 13 12 2N3906
R5 12 14 84150.0745063
Q6 11 14 vc 2N3906
Q7 0 14 13 2N3906
Q8 19 18 in1 2N3904
Q9 16 15 11 2N3906
Q10 13 18 19 2N3906


2017-06-05 08:54:38 - Generation - 129 - 955.458012249:
R1 13 in2 21885.6214632
R2 11 10 3.99532842508
R3 out 11 751.02812315
Q4 13 13 12 2N3906
R5 12 14 84150.0745063
Q6 11 14 vc 2N3906
Q7 0 14 13 2N3906
Q8 19 18 in1 2N3904
Q9 16 15 11 2N3906
Q10 13 18 19 2N3906


2017-06-05 09:10:39 - Generation - 130 - 955.458012249:
R1 13 in2 21885.6214632
R2 11 10 3.99532842508
R3 out 11 751.02812315
Q4 13 13 12 2N3906
R5 12 14 84150.0745063
Q6 11 14 vc 2N3906
Q7 0 14 13 2N3906
Q8 19 18 in1 2N3904
Q9 16 15 11 2N3906
Q10 13 18 19 2N3906


2017-06-05 09:12:22 - Generation - 131 - 953.330064105:
R1 13 in2 21885.6214632
R2 11 10 3.99532842508
R3 out 11 751.02812315
R4 12 14 84150.0745063
Q5 13 13 12 2N3906
Q6 11 14 vc 2N3906
Q7 0 14 13 2N3906
Q8 19 18 in1 2N3904
Q9 16 15 11 2N3906
Q10 13 18 19 2N3906


2017-06-05 09:14:05 - Generation - 132 - 953.212108224:
R1 13 in2 21885.6214632
R2 11 10 3.99532842508
R3 out 11 751.02812315
Q4 13 13 12 2N3906
R5 12 14 84150.0745063
Q6 11 14 vc 2N3906
Q7 0 14 13 2N3906
Q8 19 18 in1 2N3904
Q9 16 15 11 2N3906
Q10 13 18 19 2N3906


2017-06-05 09:15:47 - Generation - 133 - 952.814012746:
R1 13 in2 21885.6214632
R2 11 10 3.99532842508
R3 out 11 751.02812315
R4 12 14 84150.0745063
Q5 13 13 12 2N3906
Q6 11 14 vc 2N3906
Q7 0 14 13 2N3906
Q8 19 18 in1 2N3904
Q9 16 15 11 2N3906
Q10 13 18 19 2N3906


2017-06-05 09:17:30 - Generation - 134 - 927.505488257:
R1 13 in2 21885.6214632
R2 11 10 3.99532842508
R3 out 11 751.02812315
Q4 13 13 12 2N3906
R5 12 14 84150.0745063
Q6 11 14 vc 2N3906
Q7 0 14 13 2N3906
Q8 19 18 in1 2N3904
Q9 15 14 12 2N3906
Q10 13 18 19 2N3906


2017-06-05 09:19:12 - Generation - 135 - 927.505488257:
R1 13 in2 21885.6214632
R2 11 10 3.99532842508
R3 out 11 751.02812315
Q4 13 13 12 2N3906
R5 12 14 84150.0745063
Q6 11 14 vc 2N3906
Q7 0 14 13 2N3906
Q8 19 18 in1 2N3904
Q9 15 14 12 2N3906
Q10 13 18 19 2N3906


2017-06-05 09:20:54 - Generation - 136 - 913.713728605:
R1 13 in2 19792.8310007
R2 11 10 6084.83764069
R3 out 11 751.02812315
Q4 13 13 12 2N3906
R5 12 14 165296.668067
Q6 11 14 vc 2N3906
Q7 0 14 13 2N3906
Q8 19 18 in1 2N3904
Q9 13 18 19 2N3906


2017-06-05 09:22:36 - Generation - 137 - 913.713728605:
R1 13 in2 19792.8310007
R2 11 10 6084.83764069
R3 out 11 751.02812315
Q4 13 13 12 2N3906
R5 12 14 165296.668067
Q6 11 14 vc 2N3906
Q7 0 14 13 2N3906
Q8 19 18 in1 2N3904
Q9 13 18 19 2N3906


2017-06-05 09:24:18 - Generation - 138 - 913.713728605:
R1 13 in2 19792.8310007
R2 11 10 6084.83764069
R3 out 11 751.02812315
Q4 13 13 12 2N3906
R5 12 14 165296.668067
Q6 11 14 vc 2N3906
Q7 0 14 13 2N3906
Q8 19 18 in1 2N3904
Q9 13 18 19 2N3906


2017-06-05 09:25:58 - Generation - 139 - 913.713728605:
R1 13 in2 19792.8310007
R2 11 10 6084.83764069
R3 out 11 751.02812315
Q4 13 13 12 2N3906
R5 12 14 165296.668067
Q6 11 14 vc 2N3906
Q7 0 14 13 2N3906
Q8 19 18 in1 2N3904
Q9 13 18 19 2N3906


2017-06-05 09:41:40 - Generation - 140 - 907.552688073:
R1 13 in2 19792.8310007
R2 11 10 41206.2636528
R3 out 11 751.02812315
Q4 13 13 12 2N3906
Q5 14 9 12 2N3906
R6 12 14 125374.906355
Q7 11 14 vc 2N3906
Q8 0 14 13 2N3906
Q9 19 18 in1 2N3904
Q10 13 18 19 2N3906


2017-06-05 09:43:22 - Generation - 141 - 907.552688073:
R1 13 in2 19792.8310007
R2 11 10 41206.2636528
R3 out 11 751.02812315
Q4 13 13 12 2N3906
Q5 14 9 12 2N3906
R6 12 14 125374.906355
Q7 11 14 vc 2N3906
Q8 0 14 13 2N3906
Q9 19 18 in1 2N3904
Q10 13 18 19 2N3906


2017-06-05 09:45:02 - Generation - 142 - 907.313673447:
R1 13 in2 19792.8310007
R2 11 10 41206.2636528
R3 out 11 751.02812315
Q4 13 13 12 2N3906
Q5 14 9 12 2N3906
R6 12 14 125374.906355
Q7 11 14 vc 2N3906
Q8 0 14 13 2N3906
Q9 19 18 in1 2N3904
Q10 13 18 19 2N3906


2017-06-05 09:46:43 - Generation - 143 - 907.205342076:
R1 13 in2 19792.8310007
R2 11 10 41206.2636528
R3 out 11 751.02812315
Q4 13 13 12 2N3906
Q5 14 9 12 2N3906
R6 12 14 125374.906355
Q7 11 14 vc 2N3906
Q8 0 14 13 2N3906
Q9 19 18 in1 2N3904
Q10 13 18 19 2N3906


2017-06-05 09:48:24 - Generation - 144 - 906.690654403:
R1 13 in2 19792.8310007
R2 11 10 41206.2636528
R3 out 11 751.02812315
Q4 13 13 12 2N3906
Q5 14 9 12 2N3906
R6 12 14 125374.906355
Q7 11 14 vc 2N3906
Q8 0 14 13 2N3906
Q9 19 18 in1 2N3904
Q10 13 18 19 2N3906


2017-06-05 09:50:06 - Generation - 145 - 906.690654403:
R1 13 in2 19792.8310007
R2 11 10 41206.2636528
R3 out 11 751.02812315
Q4 13 13 12 2N3906
Q5 14 9 12 2N3906
R6 12 14 125374.906355
Q7 11 14 vc 2N3906
Q8 0 14 13 2N3906
Q9 19 18 in1 2N3904
Q10 13 18 19 2N3906


2017-06-05 09:51:47 - Generation - 146 - 898.997418536:
R1 13 in2 21885.6214632
R2 11 10 3.99532842508
R3 out 11 751.02812315
Q4 13 13 12 2N3906
R5 12 14 207780.484983
Q6 11 14 vc 2N3906
Q7 0 14 13 2N3906
Q8 19 18 in1 2N3904
Q9 16 15 11 2N3904
Q10 13 18 19 2N3906


2017-06-05 09:53:28 - Generation - 147 - 898.930515134:
R1 13 in2 21885.6214632
R2 11 10 6084.83764069
R3 out 11 751.02812315
Q4 13 13 12 2N3906
Q5 14 9 12 2N3906
R6 12 14 125374.906355
Q7 11 14 vc 2N3906
Q8 0 14 13 2N3906
Q9 19 18 in1 2N3904
Q10 13 18 19 2N3906


2017-06-05 09:55:11 - Generation - 148 - 898.930515134:
R1 13 in2 21885.6214632
R2 11 10 6084.83764069
R3 out 11 751.02812315
Q4 13 13 12 2N3906
Q5 14 9 12 2N3906
R6 12 14 125374.906355
Q7 11 14 vc 2N3906
Q8 0 14 13 2N3906
Q9 19 18 in1 2N3904
Q10 13 18 19 2N3906


2017-06-05 09:56:51 - Generation - 149 - 898.930515134:
R1 13 in2 21885.6214632
R2 11 10 6084.83764069
R3 out 11 751.02812315
Q4 13 13 12 2N3906
Q5 14 9 12 2N3906
R6 12 14 125374.906355
Q7 11 14 vc 2N3906
Q8 0 14 13 2N3906
Q9 19 18 in1 2N3904
Q10 13 18 19 2N3906


2017-06-05 10:13:11 - Generation - 150 - 897.272928287:
R1 12 11 1
R2 14 in2 19792.8310007
R3 12 11 6084.83764069
R4 out 12 751.02812315
R5 13 15 242915.274197
Q6 14 14 13 2N3906
Q7 12 15 vc 2N3906
Q8 0 15 14 2N3906
Q9 20 19 in1 2N3904
Q10 14 19 20 2N3906


2017-06-05 10:14:53 - Generation - 151 - 897.272928287:
R1 12 11 1
R2 14 in2 19792.8310007
R3 12 11 6084.83764069
R4 out 12 751.02812315
R5 13 15 242915.274197
Q6 14 14 13 2N3906
Q7 12 15 vc 2N3906
Q8 0 15 14 2N3906
Q9 20 19 in1 2N3904
Q10 14 19 20 2N3906


2017-06-05 10:16:35 - Generation - 152 - 897.272928287:
R1 12 11 1
R2 14 in2 19792.8310007
R3 12 11 6084.83764069
R4 out 12 751.02812315
R5 13 15 242915.274197
Q6 14 14 13 2N3906
Q7 12 15 vc 2N3906
Q8 0 15 14 2N3906
Q9 20 19 in1 2N3904
Q10 14 19 20 2N3906


2017-06-05 10:18:17 - Generation - 153 - 897.272928287:
R1 12 11 1
R2 14 in2 19792.8310007
R3 12 11 6084.83764069
R4 out 12 751.02812315
R5 13 15 242915.274197
Q6 14 14 13 2N3906
Q7 12 15 vc 2N3906
Q8 0 15 14 2N3906
Q9 20 19 in1 2N3904
Q10 14 19 20 2N3906


